HomeSmart/proguard-rule.txt
-keep public class * extends android.app.Activity
-keep public class * extends android.app.ActivityManagerNative
-keep public class * extends android.app.Application
-keep public class * extends android.app.Service
-keep public class * extends android.content.BroadcastReceiver
-keep public class * extends android.content.ContentProvider
-keep public class * extends android.preference.Preference
-keep public class com.android.vending.billing.IInAppBillingService
-keep public class * extends android.view.View {
    public <init>(android.content.Context);
    public <init>(android.content.Context, android.util.AttributeSet);
    public <init>(android.content.Context, android.util.AttributeSet, int);
}
-keepclasseswithmembers class * {
    public <init>(android.content.Context, android.util.AttributeSet);
}
-keepclasseswithmembers class * {
    public <init>(android.content.Context, android.util.AttributeSet, int);
}
-keepclassmembers class * extends android.content.Context {
    public void *(android.view.View);
    public void *(android.view.MenuItem);
}


-keep public class * implements java.io.Serializable {
        public *;
}

-keepclassmembers class * implements android.os.Parcelable {
    static ** CREATOR;
}

-keepclassmembers class * implements java.io.Serializable {
    static final long serialVersionUID;
    private static final java.io.ObjectStreamField[] serialPersistentFields;
    private void writeObject(java.io.ObjectOutputStream);
    private void readObject(java.io.ObjectInputStream);
    java.lang.Object writeReplace();
    java.lang.Object readResolve();
}

# libraries

-keep class android.support.v4.app.** { *; }
-keep interface android.support.v4.app.** { *; }

# support-v7
-dontwarn android.support.v7.**
-keep class android.support.v7.** { *; }
-keep interface android.support.v7.** { *; }


-keepclassmembers class ** {
    @com.squareup.otto.Subscribe public *;
    @com.squareup.otto.Produce public *;
}

# for Crashlytics
-keepattributes SourceFile,LineNumberTable

# for viewpagerindicator
-keep class com.viewpagerindicator.** { *; }
-keep interface com.viewpagerindicator.** { *; }
-dontwarn com.viewpagerindicator.**

# actionbar pulltorefresh
-dontwarn uk.co.senab.actionbarpulltorefresh.library.**
-keep class uk.co.senab.actionbarpulltorefresh.library.** { *; }
-keep interface uk.co.senab.actionbarpulltorefresh.library.** { *; }

# betterpicker
-dontwarn com.doomonafireball.betterpickers.**
-keep class com.doomonafireball.betterpickers.** {*;}
-keep interface com.doomonafireball.betterpickers.** {*;}

# cropimage
-dontwarn com.edmodo.cropper.**
-keep class com.edmodo.cropper.** {*;}
-keep interface com.edmodo.cropper.** {*;}

# dragsort
-dontwarn com.mobeta.android.dslv.**
-keep class com.mobeta.android.dslv.** {*;}
-keep interface com.mobeta.android.dslv.** {*;}

# for autonavi
-keep class com.amap.api.**  {*;}
-keep class com.autonavi.**  {*;}
-keep class com.a.a.**  {*;}

# butterknife
-dontwarn butterknife.internal.**
-keep class **$$ViewInjector { *; }
-keepnames class * { @butterknife.InjectView *;}


-dontwarn com.alibaba.fastjson.**
-keep class com.alibaba.fastjson.** { *; }

# sina weibo sdk
-keep class com.sina.weibo.sdk.** {*;}

-dontwarn javax.security.**
-dontwarn java.beans.**
-dontwarn java.awt.**
-dontwarn javax.swing.**


# for weichat
-keep class com.tencent.mm.sdk.openapi.WXMediaMessage {*;}
-keep class com.tencent.mm.sdk.openapi.** implements com.tencent.mm.sdk.openapi.WXMediaMessage$IMediaObject {*;}


# pinyin4j
-dontwarn net.soureceforge.pinyin4j.**
-dontwarn demo.**
-keep class net.sourceforge.pinyin4j.** { *;}
-keep class demo.** { *;}

-dontwarn com.squareup.okhttp.**
-keep class retrofit.http.** { *; }
-keep class com.squareup.okhttp.** { *; }

-keep class com.ricebook.app.core.asynctask.** { *;}
-keep interface com.ricebook.app.core.asynctask.** { *;}
-keep class jsqlite.** { *;}
-keep interface jsqlite.** { *;}

-keep class com.google.android.gms.analytics.**
-keep class com.google.analytics.tracking.**
-dontwarn com.google.android.gms.analytics.**
-dontwarn com.google.analytics.tracking.

# flurry
-keep class com.flurry.** { *; }
-dontwarn com.flurry.**
-keepattributes *Annotation*,EnclosingMethod
-keepclasseswithmembers class * {
    public <init>(android.content.Context, android.util.AttributeSet, int);
}

# Gson uses generic type information stored in a class file when working with fields. Proguard
# removes such information by default, so configure it to keep all of it.
-keep class com.google.gson.** { *; }
-keepattributes Signature

# Gson specific classes
-keep class sun.misc.Unsafe { *; }
#-keep class com.google.gson.stream.** { *; }

-keep class com.google.inject.** { *; }
-keep class org.apache.thrift.** { *; }
-keep class com.google.appengine.api.**{*;}
-keep class org.apache.http.** { *; }
-keep class org.apache.james.mime4j.** { *; }
-keep class javax.inject.** { *; }
-keep class retrofit.** { *; }
-dontwarn retrofit.**

# rxjava
-keep class rx.** {*;}
-dontwarn rx.**

#timber
-keep class timber.**{*;}

# 360联盟
-keep class **.R$* {*;}
-keep class com.qihoo360.union.** {*;}

# mipush
-keep public class com.xiaomi.**
-keep public class * extends com.xiaomi.mipush.sdk.PushMessageReceiver

# WTF
-dontwarn a.a.a.**

-keepattributes JavascriptInterface
-keepclasseswithmembers class com.ricebook.app.core.TomatoJsObject {
    *;
}

# Dagger
-keepattributes *Annotation*

-keepclassmembers,allowobfuscation class * {
    @javax.inject.* *;
    @dagger.* *;
    <init>();
}

-keep class **$$ModuleAdapter
-keep class **$$InjectAdapter
-keep class **$$StaticInjection

-keepnames !abstract class coffee.*
-keepnames class dagger.Lazy

# alipay
-keep class com.alipay.android.app.IAliPay{*;}
-keep class com.alipay.android.app.IAlixPay{*;}
-keep class com.alipay.android.app.IRemoteServiceCallback{*;}


# guava-r09
-dontwarn com.google.common.**
-keep class com.google.common.**{ *; }

# sqlcipher
-dontwarn net.sqlcipher.**
-keep class net.sqlcipher.**{ *; }