HomeSmart/proguard/seeds.txt
net.simonvt.menudrawer.OverlayDrawer$1
net.simonvt.menudrawer.PeekInterpolator
net.simonvt.menudrawer.PeekInterpolator: PeekInterpolator()
net.simonvt.menudrawer.Position
net.simonvt.menudrawer.Position: net.simonvt.menudrawer.Position LEFT
net.simonvt.menudrawer.Position: net.simonvt.menudrawer.Position TOP
net.simonvt.menudrawer.Position: net.simonvt.menudrawer.Position RIGHT
net.simonvt.menudrawer.Position: net.simonvt.menudrawer.Position BOTTOM
net.simonvt.menudrawer.Position: net.simonvt.menudrawer.Position fromValue(int)
net.simonvt.menudrawer.Position: net.simonvt.menudrawer.Position[] values()
net.simonvt.menudrawer.Position: net.simonvt.menudrawer.Position valueOf(java.lang.String)
net.simonvt.menudrawer.R
net.simonvt.menudrawer.R: R()
net.simonvt.menudrawer.R$attr
net.simonvt.menudrawer.R$attr: int mdActiveIndicator
net.simonvt.menudrawer.R$attr: int mdAllowIndicatorAnimation
net.simonvt.menudrawer.R$attr: int mdContentBackground
net.simonvt.menudrawer.R$attr: int mdDrawOverlay
net.simonvt.menudrawer.R$attr: int mdDrawerClosedUpContentDescription
net.simonvt.menudrawer.R$attr: int mdDrawerOpenUpContentDescription
net.simonvt.menudrawer.R$attr: int mdDropShadow
net.simonvt.menudrawer.R$attr: int mdDropShadowColor
net.simonvt.menudrawer.R$attr: int mdDropShadowEnabled
net.simonvt.menudrawer.R$attr: int mdDropShadowSize
net.simonvt.menudrawer.R$attr: int mdMaxAnimationDuration
net.simonvt.menudrawer.R$attr: int mdMenuBackground
net.simonvt.menudrawer.R$attr: int mdMenuSize
net.simonvt.menudrawer.R$attr: int mdPosition
net.simonvt.menudrawer.R$attr: int mdSlideDrawable
net.simonvt.menudrawer.R$attr: int mdTouchBezelSize
net.simonvt.menudrawer.R$attr: int menuDrawerStyle
net.simonvt.menudrawer.R$attr: R$attr()
net.simonvt.menudrawer.R$color
net.simonvt.menudrawer.R$color: int md__defaultBackground
net.simonvt.menudrawer.R$color: R$color()
net.simonvt.menudrawer.R$id
net.simonvt.menudrawer.R$id: int bottom
net.simonvt.menudrawer.R$id: int left
net.simonvt.menudrawer.R$id: int mdActiveViewPosition
net.simonvt.menudrawer.R$id: int mdContent
net.simonvt.menudrawer.R$id: int mdMenu
net.simonvt.menudrawer.R$id: int md__content
net.simonvt.menudrawer.R$id: int md__drawer
net.simonvt.menudrawer.R$id: int md__menu
net.simonvt.menudrawer.R$id: int md__translationX
net.simonvt.menudrawer.R$id: int md__translationY
net.simonvt.menudrawer.R$id: int right
net.simonvt.menudrawer.R$id: int top
net.simonvt.menudrawer.R$id: R$id()
net.simonvt.menudrawer.R$string
net.simonvt.menudrawer.R$string: int md__drawerClosedIndicatorDesc
net.simonvt.menudrawer.R$string: int md__drawerOpenIndicatorDesc
net.simonvt.menudrawer.R$string: R$string()
net.simonvt.menudrawer.R$style
net.simonvt.menudrawer.R$style: int Widget
net.simonvt.menudrawer.R$style: int Widget_MenuDrawer
net.simonvt.menudrawer.R$style: R$style()