HomeSmart/proguard/mapping.txt
com.google.common.collect.MapConstraints$ConstrainedSortedSetMultimap -> com.google.common.collect.MapConstraints$ConstrainedSortedSetMultimap:
    750:750:java.util.SortedSet get(java.lang.Object) -> get
    753:753:java.util.SortedSet removeAll(java.lang.Object) -> removeAll
    757:757:java.util.SortedSet replaceValues(java.lang.Object,java.lang.Iterable) -> replaceValues
    761:761:java.util.Comparator valueComparator() -> valueComparator
    743:743:java.util.Set replaceValues(java.lang.Object,java.lang.Iterable) -> replaceValues
    743:743:java.util.Set removeAll(java.lang.Object) -> removeAll
    743:743:java.util.Set get(java.lang.Object) -> get
    743:743:java.util.Collection get(java.lang.Object) -> get
    743:743:java.util.Collection removeAll(java.lang.Object) -> removeAll
    743:743:java.util.Collection replaceValues(java.lang.Object,java.lang.Iterable) -> replaceValues
com.google.common.collect.MapConstraints$InverseConstraint -> com.google.common.collect.MapConstraints$InverseConstraint:
    com.google.common.collect.MapConstraint constraint -> constraint
    392:393:void checkKeyValue(java.lang.Object,java.lang.Object) -> checkKeyValue
com.google.common.collect.MapConstraints$NotNullMapConstraint -> com.google.common.collect.MapConstraints$NotNullMapConstraint:
    com.google.common.collect.MapConstraints$NotNullMapConstraint INSTANCE -> INSTANCE
    com.google.common.collect.MapConstraints$NotNullMapConstraint[] $VALUES -> $VALUES
    57:57:com.google.common.collect.MapConstraints$NotNullMapConstraint[] values() -> values
    57:57:com.google.common.collect.MapConstraints$NotNullMapConstraint valueOf(java.lang.String) -> valueOf
    62:64:void checkKeyValue(java.lang.Object,java.lang.Object) -> checkKeyValue
    67:67:java.lang.String toString() -> toString
com.google.common.collect.MapDifference -> com.google.common.collect.MapDifference:
    boolean areEqual() -> areEqual
    java.util.Map entriesOnlyOnLeft() -> entriesOnlyOnLeft
    java.util.Map entriesOnlyOnRight() -> entriesOnlyOnRight
    java.util.Map entriesInCommon() -> entriesInCommon
    java.util.Map entriesDiffering() -> entriesDiffering
    boolean equals(java.lang.Object) -> equals
    int hashCode() -> hashCode
com.google.common.collect.MapDifference$ValueDifference -> com.google.common.collect.MapDifference$ValueDifference:
    java.lang.Object leftValue() -> leftValue
    java.lang.Object rightValue() -> rightValue
    boolean equals(java.lang.Object) -> equals
    int hashCode() -> hashCode
com.google.common.collect.MapEvictionListener -> com.google.common.collect.MapEvictionListener:
    void onEviction(java.lang.Object,java.lang.Object) -> onEviction